e:\work\app_2team\project\99.gui\mathematics_190530b\mathematics\mathematics\serial\debug\serial.pch
e:\work\app_2team\project\99.gui\mathematics_190530b\mathematics\mathematics\serial\debug\vc120.pdb
e:\work\app_2team\project\99.gui\mathematics_190530b\mathematics\mathematics\serial\debug\vc120.idb
e:\work\app_2team\project\99.gui\mathematics_190530b\mathematics\mathematics\serial\debug\stdafx.obj
e:\work\app_2team\project\99.gui\mathematics_190530b\mathematics\mathematics\serial\debug\graph.obj
e:\work\app_2team\project\99.gui\mathematics_190530b\mathematics\mathematics\serial\debug\logmanager.obj
e:\work\app_2team\project\99.gui\mathematics_190530b\mathematics\mathematics\serial\debug\mlinechartconfig.obj
e:\work\app_2team\project\99.gui\mathematics_190530b\mathematics\mathematics\serial\debug\mlinechartctrl.obj
e:\work\app_2team\project\99.gui\mathematics_190530b\mathematics\mathematics\serial\debug\mlinechartdata.obj
e:\work\app_2team\project\99.gui\mathematics_190530b\mathematics\mathematics\serial\debug\serial.obj
e:\work\app_2team\project\99.gui\mathematics_190530b\mathematics\mathematics\serial\debug\serialdlg.obj
e:\work\app_2team\project\99.gui\mathematics_190530b\mathematics\mathematics\serial\debug\serial_thread.obj
e:\work\app_2team\project\99.gui\mathematics_190530b\mathematics\mathematics\serial\debug\utils.obj
e:\work\app_2team\project\99.gui\mathematics_190530b\mathematics\mathematics\debug\serial.ilk
e:\work\app_2team\project\99.gui\mathematics_190530b\mathematics\mathematics\debug\serial.exe
e:\work\app_2team\project\99.gui\mathematics_190530b\mathematics\mathematics\debug\serial.pdb
e:\work\app_2team\project\99.gui\mathematics_190530b\mathematics\mathematics\serial\debug\serial.res
e:\work\app_2team\project\99.gui\mathematics_190530b\mathematics\mathematics\serial\debug\serial.tlog\cl.command.1.tlog
e:\work\app_2team\project\99.gui\mathematics_190530b\mathematics\mathematics\serial\debug\serial.tlog\cl.read.1.tlog
e:\work\app_2team\project\99.gui\mathematics_190530b\mathematics\mathematics\serial\debug\serial.tlog\cl.write.1.tlog
e:\work\app_2team\project\99.gui\mathematics_190530b\mathematics\mathematics\serial\debug\serial.tlog\link.command.1.tlog
e:\work\app_2team\project\99.gui\mathematics_190530b\mathematics\mathematics\serial\debug\serial.tlog\link.read.1.tlog
e:\work\app_2team\project\99.gui\mathematics_190530b\mathematics\mathematics\serial\debug\serial.tlog\link.write.1.tlog
e:\work\app_2team\project\99.gui\mathematics_190530b\mathematics\mathematics\serial\debug\serial.tlog\rc.command.1.tlog
e:\work\app_2team\project\99.gui\mathematics_190530b\mathematics\mathematics\serial\debug\serial.tlog\rc.read.1.tlog
e:\work\app_2team\project\99.gui\mathematics_190530b\mathematics\mathematics\serial\debug\serial.tlog\rc.write.1.tlog
